# JRE version: OpenJDK Runtime Environment (8.0_152-b01) (build 1.8.0_152-release-915-b01)
# Java VM: OpenJDK 64-Bit Server VM (25.152-b01 mixed mode windows-amd64 compressed oops)
Heap:
 PSYoungGen      total 105984K, used 5577K [0x00000000e0000000, 0x00000000e8c00000, 0x0000000100000000)
  eden space 100352K, 0% used [0x00000000e0000000,0x00000000e0000000,0x00000000e6200000)
  from space 5632K, 99% used [0x00000000e6800000,0x00000000e6d72540,0x00000000e6d80000)
  to   space 20480K, 0% used [0x00000000e7800000,0x00000000e7800000,0x00000000e8c00000)
 ParOldGen       total 91648K, used 82718K [0x00000000a0000000, 0x00000000a5980000, 0x00000000e0000000)
  object space 91648K, 90% used [0x00000000a0000000,0x00000000a50c7bc0,0x00000000a5980000)
 Metaspace       used 81389K, capacity 85688K, committed 85908K, reserved 1124352K
  class space    used 10794K, capacity 11852K, committed 11964K, reserved 1048576K
GC Heap History (10 events):
Event: 2187.223 GC heap after
Heap after GC invocations=28 (full 3):
 PSYoungGen      total 130048K, used 3872K [0x00000000e0000000, 0x00000000e9e00000, 0x0000000100000000)
  eden space 116224K, 0% used [0x00000000e0000000,0x00000000e0000000,0x00000000e7180000)
  from space 13824K, 28% used [0x00000000e7180000,0x00000000e7548000,0x00000000e7f00000)
  to   space 13824K, 0% used [0x00000000e9080000,0x00000000e9080000,0x00000000e9e00000)
 ParOldGen       total 91648K, used 53558K [0x00000000a0000000, 0x00000000a5980000, 0x00000000e0000000)
  object space 91648K, 58% used [0x00000000a0000000,0x00000000a344da08,0x00000000a5980000)
 Metaspace       used 66933K, capacity 69976K, committed 70036K, reserved 1110016K
  class space    used 8906K, capacity 9655K, committed 9660K, reserved 1048576K
}
Event: 4696.903 GC heap before
{Heap before GC invocations=29 (full 3):
 PSYoungGen      total 130048K, used 120096K [0x00000000e0000000, 0x00000000e9e00000, 0x0000000100000000)
  eden space 116224K, 100% used [0x00000000e0000000,0x00000000e7180000,0x00000000e7180000)
  from space 13824K, 28% used [0x00000000e7180000,0x00000000e7548000,0x00000000e7f00000)
  to   space 13824K, 0% used [0x00000000e9080000,0x00000000e9080000,0x00000000e9e00000)
 ParOldGen       total 91648K, used 53558K [0x00000000a0000000, 0x00000000a5980000, 0x00000000e0000000)
  object space 91648K, 58% used [0x00000000a0000000,0x00000000a344da08,0x00000000a5980000)
 Metaspace       used 71101K, capacity 74452K, committed 74644K, reserved 1114112K
  class space    used 9448K, capacity 10342K, committed 10428K, reserved 1048576K
Event: 4696.924 GC heap after
Heap after GC invocations=29 (full 3):
 PSYoungGen      total 120320K, used 7700K [0x00000000e0000000, 0x00000000e9880000, 0x0000000100000000)
  eden space 112128K, 0% used [0x00000000e0000000,0x00000000e0000000,0x00000000e6d80000)
  from space 8192K, 93% used [0x00000000e9080000,0x00000000e9805050,0x00000000e9880000)
  to   space 13312K, 0% used [0x00000000e7e80000,0x00000000e7e80000,0x00000000e8b80000)
 ParOldGen       total 91648K, used 56426K [0x00000000a0000000, 0x00000000a5980000, 0x00000000e0000000)
  object space 91648K, 61% used [0x00000000a0000000,0x00000000a371aae8,0x00000000a5980000)
 Metaspace       used 71101K, capacity 74452K, committed 74644K, reserved 1114112K
  class space    used 9448K, capacity 10342K, committed 10428K, reserved 1048576K
}
Event: 4699.137 GC heap before
{Heap before GC invocations=30 (full 3):
 PSYoungGen      total 120320K, used 119828K [0x00000000e0000000, 0x00000000e9880000, 0x0000000100000000)
  eden space 112128K, 100% used [0x00000000e0000000,0x00000000e6d80000,0x00000000e6d80000)
  from space 8192K, 93% used [0x00000000e9080000,0x00000000e9805050,0x00000000e9880000)
  to   space 13312K, 0% used [0x00000000e7e80000,0x00000000e7e80000,0x00000000e8b80000)
 ParOldGen       total 91648K, used 56426K [0x00000000a0000000, 0x00000000a5980000, 0x00000000e0000000)
  object space 91648K, 61% used [0x00000000a0000000,0x00000000a371aae8,0x00000000a5980000)
 Metaspace       used 76968K, capacity 80612K, committed 80788K, reserved 1118208K
  class space    used 10211K, capacity 11162K, committed 11196K, reserved 1048576K
Event: 4699.164 GC heap after
Heap after GC invocations=30 (full 3):
 PSYoungGen      total 121344K, used 13305K [0x00000000e0000000, 0x00000000e9100000, 0x0000000100000000)
  eden space 108032K, 0% used [0x00000000e0000000,0x00000000e0000000,0x00000000e6980000)
  from space 13312K, 99% used [0x00000000e7e80000,0x00000000e8b7e5e0,0x00000000e8b80000)
  to   space 5632K, 0% used [0x00000000e8b80000,0x00000000e8b80000,0x00000000e9100000)
 ParOldGen       total 91648K, used 59799K [0x00000000a0000000, 0x00000000a5980000, 0x00000000e0000000)
  object space 91648K, 65% used [0x00000000a0000000,0x00000000a3a65d78,0x00000000a5980000)
 Metaspace       used 76968K, capacity 80612K, committed 80788K, reserved 1118208K
  class space    used 10211K, capacity 11162K, committed 11196K, reserved 1048576K
}
Event: 4706.639 GC heap before
{Heap before GC invocations=31 (full 3):
 PSYoungGen      total 121344K, used 121337K [0x00000000e0000000, 0x00000000e9100000, 0x0000000100000000)
  eden space 108032K, 100% used [0x00000000e0000000,0x00000000e6980000,0x00000000e6980000)
  from space 13312K, 99% used [0x00000000e7e80000,0x00000000e8b7e5e0,0x00000000e8b80000)
  to   space 5632K, 0% used [0x00000000e8b80000,0x00000000e8b80000,0x00000000e9100000)
 ParOldGen       total 91648K, used 59799K [0x00000000a0000000, 0x00000000a5980000, 0x00000000e0000000)
  object space 91648K, 65% used [0x00000000a0000000,0x00000000a3a65d78,0x00000000a5980000)
 Metaspace       used 80725K, capacity 84976K, committed 85140K, reserved 1122304K
  class space    used 10765K, capacity 11840K, committed 11964K, reserved 1048576K
Event: 4706.692 GC heap after
Heap after GC invocations=31 (full 3):
 PSYoungGen      total 109568K, used 5632K [0x00000000e0000000, 0x00000000e9100000, 0x0000000100000000)
  eden space 103936K, 0% used [0x00000000e0000000,0x00000000e0000000,0x00000000e6580000)
  from space 5632K, 100% used [0x00000000e8b80000,0x00000000e9100000,0x00000000e9100000)
  to   space 20992K, 0% used [0x00000000e6800000,0x00000000e6800000,0x00000000e7c80000)
 ParOldGen       total 91648K, used 77104K [0x00000000a0000000, 0x00000000a5980000, 0x00000000e0000000)
  object space 91648K, 84% used [0x00000000a0000000,0x00000000a4b4c068,0x00000000a5980000)
 Metaspace       used 80725K, capacity 84976K, committed 85140K, reserved 1122304K
  class space    used 10765K, capacity 11840K, committed 11964K, reserved 1048576K
}
Event: 4762.812 GC heap before
{Heap before GC invocations=32 (full 3):
 PSYoungGen      total 109568K, used 109568K [0x00000000e0000000, 0x00000000e9100000, 0x0000000100000000)
  eden space 103936K, 100% used [0x00000000e0000000,0x00000000e6580000,0x00000000e6580000)
  from space 5632K, 100% used [0x00000000e8b80000,0x00000000e9100000,0x00000000e9100000)
  to   space 20992K, 0% used [0x00000000e6800000,0x00000000e6800000,0x00000000e7c80000)
 ParOldGen       total 91648K, used 77104K [0x00000000a0000000, 0x00000000a5980000, 0x00000000e0000000)
  object space 91648K, 84% used [0x00000000a0000000,0x00000000a4b4c068,0x00000000a5980000)
 Metaspace       used 81389K, capacity 85688K, committed 85908K, reserved 1124352K
  class space    used 10794K, capacity 11852K, committed 11964K, reserved 1048576K
Event: 4762.839 GC heap after
Heap after GC invocations=32 (full 3):
 PSYoungGen      total 105984K, used 5577K [0x00000000e0000000, 0x00000000e8c00000, 0x0000000100000000)
  eden space 100352K, 0% used [0x00000000e0000000,0x00000000e0000000,0x00000000e6200000)
  from space 5632K, 99% used [0x00000000e6800000,0x00000000e6d72540,0x00000000e6d80000)
  to   space 20480K, 0% used [0x00000000e7800000,0x00000000e7800000,0x00000000e8c00000)
 ParOldGen       total 91648K, used 82718K [0x00000000a0000000, 0x00000000a5980000, 0x00000000e0000000)
  object space 91648K, 90% used [0x00000000a0000000,0x00000000a50c7bc0,0x00000000a5980000)
 Metaspace       used 81389K, capacity 85688K, committed 85908K, reserved 1124352K
  class space    used 10794K, capacity 11852K, committed 11964K, reserved 1048576K
}
Event: 4762.839 GC heap before
{Heap before GC invocations=33 (full 4):
 PSYoungGen      total 105984K, used 5577K [0x00000000e0000000, 0x00000000e8c00000, 0x0000000100000000)
  eden space 100352K, 0% used [0x00000000e0000000,0x00000000e0000000,0x00000000e6200000)
  from space 5632K, 99% used [0x00000000e6800000,0x00000000e6d72540,0x00000000e6d80000)
  to   space 20480K, 0% used [0x00000000e7800000,0x00000000e7800000,0x00000000e8c00000)
 ParOldGen       total 91648K, used 82718K [0x00000000a0000000, 0x00000000a5980000, 0x00000000e0000000)
  object space 91648K, 90% used [0x00000000a0000000,0x00000000a50c7bc0,0x00000000a5980000)
 Metaspace       used 81389K, capacity 85688K, committed 85908K, reserved 1124352K
  class space    used 10794K, capacity 11852K, committed 11964K, reserved 1048576K

