# JRE version: OpenJDK Runtime Environment (8.0_152-b01) (build 1.8.0_152-release-915-b01)
# Java VM: OpenJDK 64-Bit Server VM (25.152-b01 mixed mode windows-amd64 compressed oops)
Heap:
 PSYoungGen      total 202752K, used 103910K [0x00000000e0000000, 0x00000000ef200000, 0x0000000100000000)
  eden space 173056K, 43% used [0x00000000e0000000,0x00000000e48c53b0,0x00000000ea900000)
  from space 29696K, 98% used [0x00000000eaf00000,0x00000000ecbb47a8,0x00000000ecc00000)
  to   space 37376K, 0% used [0x00000000ecd80000,0x00000000ecd80000,0x00000000ef200000)
 ParOldGen       total 130560K, used 70772K [0x00000000a0000000, 0x00000000a7f80000, 0x00000000e0000000)
  object space 130560K, 54% used [0x00000000a0000000,0x00000000a451d138,0x00000000a7f80000)
 Metaspace       used 82889K, capacity 89768K, committed 90072K, reserved 1126400K
  class space    used 10606K, capacity 12206K, committed 12288K, reserved 1048576K
GC Heap History (10 events):
Event: 4161.460 GC heap before
{Heap before GC invocations=28 (full 3):
 PSYoungGen      total 224256K, used 224247K [0x00000000e0000000, 0x00000000ef900000, 0x0000000100000000)
  eden space 205824K, 100% used [0x00000000e0000000,0x00000000ec900000,0x00000000ec900000)
  from space 18432K, 99% used [0x00000000ee700000,0x00000000ef8fde30,0x00000000ef900000)
  to   space 24576K, 0% used [0x00000000ec900000,0x00000000ec900000,0x00000000ee100000)
 ParOldGen       total 130560K, used 64747K [0x00000000a0000000, 0x00000000a7f80000, 0x00000000e0000000)
  object space 130560K, 49% used [0x00000000a0000000,0x00000000a3f3ad18,0x00000000a7f80000)
 Metaspace       used 81667K, capacity 87550K, committed 87896K, reserved 1126400K
  class space    used 10448K, capacity 11811K, committed 11904K, reserved 1048576K
Event: 4161.548 GC heap after
Heap after GC invocations=28 (full 3):
 PSYoungGen      total 223232K, used 24544K [0x00000000e0000000, 0x00000000efa00000, 0x0000000100000000)
  eden space 198656K, 0% used [0x00000000e0000000,0x00000000e0000000,0x00000000ec200000)
  from space 24576K, 99% used [0x00000000ec900000,0x00000000ee0f8040,0x00000000ee100000)
  to   space 25600K, 0% used [0x00000000ee100000,0x00000000ee100000,0x00000000efa00000)
 ParOldGen       total 130560K, used 67741K [0x00000000a0000000, 0x00000000a7f80000, 0x00000000e0000000)
  object space 130560K, 51% used [0x00000000a0000000,0x00000000a42277d0,0x00000000a7f80000)
 Metaspace       used 81667K, capacity 87550K, committed 87896K, reserved 1126400K
  class space    used 10448K, capacity 11811K, committed 11904K, reserved 1048576K
}
Event: 9206.287 GC heap before
{Heap before GC invocations=29 (full 3):
 PSYoungGen      total 223232K, used 223200K [0x00000000e0000000, 0x00000000efa00000, 0x0000000100000000)
  eden space 198656K, 100% used [0x00000000e0000000,0x00000000ec200000,0x00000000ec200000)
  from space 24576K, 99% used [0x00000000ec900000,0x00000000ee0f8040,0x00000000ee100000)
  to   space 25600K, 0% used [0x00000000ee100000,0x00000000ee100000,0x00000000efa00000)
 ParOldGen       total 130560K, used 67741K [0x00000000a0000000, 0x00000000a7f80000, 0x00000000e0000000)
  object space 130560K, 51% used [0x00000000a0000000,0x00000000a42277d0,0x00000000a7f80000)
 Metaspace       used 81874K, capacity 87922K, committed 88280K, reserved 1126400K
  class space    used 10487K, capacity 11916K, committed 12032K, reserved 1048576K
Event: 9206.327 GC heap after
Heap after GC invocations=29 (full 3):
 PSYoungGen      total 217600K, used 25568K [0x00000000e0000000, 0x00000000efa80000, 0x0000000100000000)
  eden space 192000K, 0% used [0x00000000e0000000,0x00000000e0000000,0x00000000ebb80000)
  from space 25600K, 99% used [0x00000000ee100000,0x00000000ef9f8080,0x00000000efa00000)
  to   space 32256K, 0% used [0x00000000ebb80000,0x00000000ebb80000,0x00000000edb00000)
 ParOldGen       total 130560K, used 69733K [0x00000000a0000000, 0x00000000a7f80000, 0x00000000e0000000)
  object space 130560K, 53% used [0x00000000a0000000,0x00000000a44196d0,0x00000000a7f80000)
 Metaspace       used 81874K, capacity 87922K, committed 88280K, reserved 1126400K
  class space    used 10487K, capacity 11916K, committed 12032K, reserved 1048576K
}
Event: 9213.605 GC heap before
{Heap before GC invocations=30 (full 3):
 PSYoungGen      total 217600K, used 217568K [0x00000000e0000000, 0x00000000efa80000, 0x0000000100000000)
  eden space 192000K, 100% used [0x00000000e0000000,0x00000000ebb80000,0x00000000ebb80000)
  from space 25600K, 99% used [0x00000000ee100000,0x00000000ef9f8080,0x00000000efa00000)
  to   space 32256K, 0% used [0x00000000ebb80000,0x00000000ebb80000,0x00000000edb00000)
 ParOldGen       total 130560K, used 69733K [0x00000000a0000000, 0x00000000a7f80000, 0x00000000e0000000)
  object space 130560K, 53% used [0x00000000a0000000,0x00000000a44196d0,0x00000000a7f80000)
 Metaspace       used 82260K, capacity 88510K, committed 88792K, reserved 1126400K
  class space    used 10523K, capacity 11998K, committed 12032K, reserved 1048576K
Event: 9213.646 GC heap after
Heap after GC invocations=30 (full 3):
 PSYoungGen      total 209920K, used 24563K [0x00000000e0000000, 0x00000000ef700000, 0x0000000100000000)
  eden space 185344K, 0% used [0x00000000e0000000,0x00000000e0000000,0x00000000eb500000)
  from space 24576K, 99% used [0x00000000ebb80000,0x00000000ed37cdc0,0x00000000ed380000)
  to   space 33792K, 0% used [0x00000000ed600000,0x00000000ed600000,0x00000000ef700000)
 ParOldGen       total 130560K, used 70756K [0x00000000a0000000, 0x00000000a7f80000, 0x00000000e0000000)
  object space 130560K, 54% used [0x00000000a0000000,0x00000000a4519138,0x00000000a7f80000)
 Metaspace       used 82260K, capacity 88510K, committed 88792K, reserved 1126400K
  class space    used 10523K, capacity 11998K, committed 12032K, reserved 1048576K
}
Event: 9265.881 GC heap before
{Heap before GC invocations=31 (full 3):
 PSYoungGen      total 209920K, used 209907K [0x00000000e0000000, 0x00000000ef700000, 0x0000000100000000)
  eden space 185344K, 100% used [0x00000000e0000000,0x00000000eb500000,0x00000000eb500000)
  from space 24576K, 99% used [0x00000000ebb80000,0x00000000ed37cdc0,0x00000000ed380000)
  to   space 33792K, 0% used [0x00000000ed600000,0x00000000ed600000,0x00000000ef700000)
 ParOldGen       total 130560K, used 70756K [0x00000000a0000000, 0x00000000a7f80000, 0x00000000e0000000)
  object space 130560K, 54% used [0x00000000a0000000,0x00000000a4519138,0x00000000a7f80000)
 Metaspace       used 82533K, capacity 88894K, committed 89176K, reserved 1126400K
  class space    used 10557K, capacity 12095K, committed 12160K, reserved 1048576K
Event: 9265.918 GC heap after
Heap after GC invocations=31 (full 3):
 PSYoungGen      total 207872K, used 23536K [0x00000000e0000000, 0x00000000ef200000, 0x0000000100000000)
  eden space 179200K, 0% used [0x00000000e0000000,0x00000000e0000000,0x00000000eaf00000)
  from space 28672K, 82% used [0x00000000ed600000,0x00000000eecfc0d0,0x00000000ef200000)
  to   space 34304K, 0% used [0x00000000eaf00000,0x00000000eaf00000,0x00000000ed080000)
 ParOldGen       total 130560K, used 70764K [0x00000000a0000000, 0x00000000a7f80000, 0x00000000e0000000)
  object space 130560K, 54% used [0x00000000a0000000,0x00000000a451b138,0x00000000a7f80000)
 Metaspace       used 82533K, capacity 88894K, committed 89176K, reserved 1126400K
  class space    used 10557K, capacity 12095K, committed 12160K, reserved 1048576K
}
Event: 9271.354 GC heap before
{Heap before GC invocations=32 (full 3):
 PSYoungGen      total 207872K, used 202736K [0x00000000e0000000, 0x00000000ef200000, 0x0000000100000000)
  eden space 179200K, 100% used [0x00000000e0000000,0x00000000eaf00000,0x00000000eaf00000)
  from space 28672K, 82% used [0x00000000ed600000,0x00000000eecfc0d0,0x00000000ef200000)
  to   space 34304K, 0% used [0x00000000eaf00000,0x00000000eaf00000,0x00000000ed080000)
 ParOldGen       total 130560K, used 70764K [0x00000000a0000000, 0x00000000a7f80000, 0x00000000e0000000)
  object space 130560K, 54% used [0x00000000a0000000,0x00000000a451b138,0x00000000a7f80000)
 Metaspace       used 82858K, capacity 89698K, committed 89816K, reserved 1126400K
  class space    used 10606K, capacity 12205K, committed 12288K, reserved 1048576K
Event: 9271.390 GC heap after
Heap after GC invocations=32 (full 3):
 PSYoungGen      total 202752K, used 29393K [0x00000000e0000000, 0x00000000ef200000, 0x0000000100000000)
  eden space 173056K, 0% used [0x00000000e0000000,0x00000000e0000000,0x00000000ea900000)
  from space 29696K, 98% used [0x00000000eaf00000,0x00000000ecbb47a8,0x00000000ecc00000)
  to   space 37376K, 0% used [0x00000000ecd80000,0x00000000ecd80000,0x00000000ef200000)
 ParOldGen       total 130560K, used 70772K [0x00000000a0000000, 0x00000000a7f80000, 0x00000000e0000000)
  object space 130560K, 54% used [0x00000000a0000000,0x00000000a451d138,0x00000000a7f80000)
 Metaspace       used 82858K, capacity 89698K, committed 89816K, reserved 1126400K
  class space    used 10606K, capacity 12205K, committed 12288K, reserved 1048576K
}

